Arguments: 
  C:\Program Files\nodejs\node.exe C:\Program Files (x86)\Yarn\bin\yarn.js add @react-native-firebase

PATH: 
  C:\Program Files (x86)\Common Files\Oracle\Java\javapath;C:\Python39\Scripts\;C:\Python39\;C:\Windows\system32;C:\Windows;C:\Windows\System32\Wbem;C:\Windows\System32\WindowsPowerShell\v1.0\;C:\Windows\System32\OpenSSH\;C:\Program Files (x86)\NVIDIA Corporation\PhysX\Common;C:\Program Files\nodejs\;C:\ProgramData\chocolatey\bin;C:\Program Files\Amazon\AWSCLIV2\;C:\Program Files\Git\cmd;C:\Program Files (x86)\Yarn\bin\;C:\Program Files\PuTTY\;C:\Program Files\Git LFS;C:\Program Files\MySQL\MySQL Utilities 1.6\;%SystemRoot%\system32;%SystemRoot%;%SystemRoot%\System32\Wbem;%SYSTEMROOT%\System32\WindowsPowerShell\v1.0\;%SYSTEMROOT%\System32\OpenSSH\;C:\Users\ksvmk\AppData\Local\Microsoft\WindowsApps;C:\Users\ksvmk\AppData\Local\Programs\Microsoft VS Code\bin;C:\Users\ksvmk\AppData\Roaming\npm;C:\Users\ksvmk\AppData\Local\GitHubDesktop\bin;C:\Program Files\Amazon\AWSCLI\bin\aws.exe;C:\Program Files\heroku\bin;C:\Users\ksvmk\AppData\Local\Yarn\bin;

Yarn version: 
  1.22.5

Node version: 
  12.19.0

Platform: 
  win32 x64

Trace: 
  Error: https://registry.yarnpkg.com/@react-native-firebase: Request "https://registry.yarnpkg.com/@react-native-firebase" returned a 405
      at Request.params.callback [as _callback] (C:\Program Files (x86)\Yarn\lib\cli.js:66106:18)
      at Request.self.callback (C:\Program Files (x86)\Yarn\lib\cli.js:140749:22)
      at Request.emit (events.js:314:20)
      at Request.<anonymous> (C:\Program Files (x86)\Yarn\lib\cli.js:141721:10)
      at Request.emit (events.js:314:20)
      at IncomingMessage.<anonymous> (C:\Program Files (x86)\Yarn\lib\cli.js:141643:12)
      at Object.onceWrapper (events.js:420:28)
      at IncomingMessage.emit (events.js:326:22)
      at endReadableNT (_stream_readable.js:1223:12)
      at processTicksAndRejections (internal/process/task_queues.js:84:21)

npm manifest: 
  {
    "scripts": {
      "start": "react-native start",
      "android": "react-native run-android",
      "ios": "react-native run-ios",
      "web": "expo start --web",
      "eject": "expo eject"
    },
    "dependencies": {
      "@expo/vector-icons": "^12.0.0",
      "@freakycoder/react-native-bounceable": "^0.2.5",
      "@freakycoder/react-native-header-view": "^1.1.1",
      "@gregfrench/react-native-wheel-picker": "^1.2.14",
      "@react-native-community/datetimepicker": "3.2.0",
      "@react-native-community/masked-view": "0.1.10",
      "@react-native-community/slider": "3.0.3",
      "@react-native-firebase/auth": "^12.1.0",
      "@react-native-picker/picker": "^1.16.1",
      "@react-navigation/bottom-tabs": "^5.11.11",
      "@react-navigation/native": "^5.9.4",
      "@react-navigation/stack": "^5.14.5",
      "aws-sdk": "^2.921.0",
      "axios": "^0.21.1",
      "base64-arraybuffer": "^0.2.0",
      "expo": "~41.0.1",
      "expo-file-system": "^11.0.2",
      "expo-image-manipulator": "~9.1.0",
      "expo-image-picker": "^10.1.4",
      "expo-image-picker-multiple": "^1.4.1",
      "expo-splash-screen": "~0.10.2",
      "expo-status-bar": "~1.0.4",
      "expo-updates": "~0.5.4",
      "faker": "^5.5.3",
      "lottie-react-native": "3.5.0",
      "moment": "^2.29.1",
      "react": "16.13.1",
      "react-dom": "16.13.1",
      "react-id-generator": "^3.0.1",
      "react-native": "~0.63.4",
      "react-native-apple-header": ">= 0.1.0",
      "react-native-classic-header": ">= 0.1.0",
      "react-native-custom-radio-group": "^1.0.1",
      "react-native-date-picker": "^3.3.0",
      "react-native-fluidic-slider": "^0.0.3",
      "react-native-gesture-handler": "~1.10.2",
      "react-native-gorgeous-header": ">= 0.1.0",
      "react-native-image-crop-picker": "^0.36.2",
      "react-native-image-fallback": "^1.0.1",
      "react-native-image-picker": "^4.0.3",
      "react-native-keyboard-aware-scroll-view": "^0.9.4",
      "react-native-lookup-modal": "^2.0.0",
      "react-native-modal-datetime-picker": "^9.2.3",
      "react-native-modern-header": ">= 0.1.0",
      "react-native-paper": "^4.9.1",
      "react-native-profile-header": ">= 0.1.0",
      "react-native-really-awesome-button": "^1.6.0",
      "react-native-reanimated": "~2.1.0",
      "react-native-safe-area-context": "3.2.0",
      "react-native-screens": "~3.0.0",
      "react-native-super-grid": "^4.1.3",
      "react-native-unimodules": "~0.13.3",
      "react-native-uuid-generator": "^6.1.1",
      "react-native-web": "~0.13.12",
      "react-native-wheel-picker-android": "^2.0.6",
      "react-native-woodpicker": "^0.3.5",
      "tslib": "^2.3.0"
    },
    "devDependencies": {
      "@babel/core": "^7.9.0"
    },
    "private": true,
    "name": "androidapp",
    "version": "1.0.0"
  }

yarn manifest: 
  No manifest

Lockfile: 
  No lockfile
